---
  0 debug pnpm:scope: 
    selected: 1
    workspacePrefix: null
  1 info pnpm: 
    message: "A store server is running. All store manipulations are delegated to it."
    prefix: "/app"
  2 debug pnpm:package-json: 
    initial: 
      name: "shitpost"
      version: "0.0.2"
      description: "A shiitty discord bot."
      main: "index.js"
      scripts: 
        start: "node index.js"
      engines: 
        node: ">=8"
      repository: 
        type: "git"
        url: "git+https://gitlab.com/OverThrown/shitpost-bot.git"
      author: 
        name: "OverThrow Development"
      contributors: 
        - 
          name: "William Strong"
      license: "MIT"
      bugs: 
        url: "https://overthrowdev.com/"
      homepage: "https://overthrowdev.com/"
      dependencies: 
        better-sqlite-pool: "^0.2.3"
        body-parser: "^1.18.2"
        chalk: "^2.3.0"
        discord.js: "^11.6.3"
        ejs: "^3.0.1"
        enmap: "^4.8.7"
        express: "^4.16.2"
        express-passport: "^0.1.0"
        express-session: "^1.15.6"
        got: "^10.7.0"
        helmet: "^3.9.0"
        klaw: "^2.1.1"
        marked: "^0.5.0"
        memorystore: "^1.6.0"
        moment: "^2.22.2"
        moment-duration-format: "^1.3.0"
        passport: "^0.4.0"
        passport-discord: "^0.1.3"
        readline-sync: "^1.4.9"
        snekfetch: "^3.5.8"
        request: "^2.88.2"
      readme: "# Shitpost\nThe shittiest bot known to Discord.\n\nShitpost has plenty of commands that just makes Discord fun but shitty at the same time. This bot serves to purpose whatsoever, just something you can shit around with.\n"
      readmeFilename: "README.md"
      gitHead: "aa12e7bf9b8a1e61fbad2cf4e2a17e01cdb4f870"
      _id: "shitpost@0.0.2"
    prefix: "/app"
  3 warn pnpm: 
    message: "Moving better-sqlite-pool that was installed by a different package manager to \"node_modules/.ignored"
    prefix: "/app"
  4 error pnpm: 
    message: 
      errno: -39
      code: "ENOTEMPTY"
      syscall: "rename"
      path: "/rbd/pnpm-volume/dccd4e51-998e-4301-ac52-8baefaa8c2bb/node_modules/better-sqlite-pool"
      dest: "/rbd/pnpm-volume/dccd4e51-998e-4301-ac52-8baefaa8c2bb/node_modules/.ignored/better-sqlite-pool"
    err: 
      name: "Error"
      message: "ENOTEMPTY: directory not empty, rename '/rbd/pnpm-volume/dccd4e51-998e-4301-ac52-8baefaa8c2bb/node_modules/better-sqlite-pool' -> '/rbd/pnpm-volume/dccd4e51-998e-4301-ac52-8baefaa8c2bb/node_modules/.ignored/better-sqlite-pool'"
      code: "ENOTEMPTY"
      stack: "Error: ENOTEMPTY: directory not empty, rename '/rbd/pnpm-volume/dccd4e51-998e-4301-ac52-8baefaa8c2bb/node_modules/better-sqlite-pool' -> '/rbd/pnpm-volume/dccd4e51-998e-4301-ac52-8baefaa8c2bb/node_modules/.ignored/better-sqlite-pool'"
